<?xml version="1.0" encoding="UTF-8"?>
<!-- Generated by org.testng.reporters.JUnitReportReporter -->
<testsuite skipped="0" hostname="DESKTOP-VE66TCA" name="com.class01.TitleLogoAndLoginTest" tests="3" failures="0" timestamp="2020-05-30T19:36:51 EDT" time="19.363" errors="0">
  <testcase name="titleValidation" time="4.857" classname="com.class01.TitleLogoAndLoginTest"/>
  <system-out/>
  <testcase name="logoValidation" time="4.936" classname="com.class01.TitleLogoAndLoginTest"/>
  <system-out/>
  <testcase name="validLogin" time="9.570" classname="com.class01.TitleLogoAndLoginTest"/>
  <system-out/>
</testsuite> <!-- com.class01.TitleLogoAndLoginTest -->
