<?xml version="1.0" encoding="UTF-8"?>
<!-- Generated by org.testng.reporters.JUnitReportReporter -->
<testsuite skipped="0" hostname="DESKTOP-VE66TCA" name="com.class02.SoftAssertionDemo" tests="1" failures="0" timestamp="2020-05-30T19:16:53 EDT" time="11.455" errors="0">
  <testcase name="logoAndWelcomeValidation" time="11.455" classname="com.class02.SoftAssertionDemo"/>
  <system-out/>
</testsuite> <!-- com.class02.SoftAssertionDemo -->
