<?xml version="1.0" encoding="UTF-8"?>
<!-- Generated by org.testng.reporters.JUnitReportReporter -->
<testsuite skipped="0" hostname="DESKTOP-VE66TCA" name="com.class03.GroupsDemo" tests="2" failures="0" timestamp="2020-05-30T20:34:51 EDT" time="0.006" errors="0">
  <testcase name="test2" time="0.005" classname="com.class03.GroupsDemo"/>
  <system-out/>
  <testcase name="test4" time="0.001" classname="com.class03.GroupsDemo"/>
  <system-out/>
</testsuite> <!-- com.class03.GroupsDemo -->
