<?xml version="1.0" encoding="UTF-8"?>
<!-- Generated by org.testng.reporters.JUnitReportReporter -->
<testsuite skipped="0" hostname="DESKTOP-VE66TCA" name="com.test.AddEmployeeTest" tests="1" failures="0" timestamp="2020-06-01T23:35:20 EDT" time="10.609" errors="0">
  <testcase name="addEmployeePage" time="10.609" classname="com.test.AddEmployeeTest"/>
  <system-out/>
</testsuite> <!-- com.test.AddEmployeeTest -->
