<?xml version="1.0" encoding="UTF-8"?>
<!-- Generated by org.testng.reporters.JUnitReportReporter -->
<testsuite skipped="0" hostname="DESKTOP-VE66TCA" name="com.class02.HW" tests="2" failures="0" timestamp="2020-05-20T20:06:48 EDT" time="17.304" errors="0">
  <testcase name="validLogin2" time="9.952" classname="com.class02.HW"/>
  <system-out/>
  <testcase name="invalidLogin" time="7.352" classname="com.class02.HW"/>
  <system-out/>
</testsuite> <!-- com.class02.HW -->
