<?xml version="1.0" encoding="UTF-8"?>
<!-- Generated by org.testng.reporters.JUnitReportReporter -->
<testsuite skipped="0" hostname="DESKTOP-VE66TCA" name="com.class02.HW" tests="2" failures="0" timestamp="2020-05-30T19:16:53 EDT" time="12.253" errors="0">
  <testcase name="validLogin2" time="7.036" classname="com.class02.HW"/>
  <system-out/>
  <testcase name="invalidLogin" time="5.217" classname="com.class02.HW"/>
  <system-out/>
</testsuite> <!-- com.class02.HW -->
