<?xml version="1.0" encoding="UTF-8"?>
<!-- Generated by org.testng.reporters.JUnitReportReporter -->
<testsuite skipped="0" hostname="DESKTOP-VE66TCA" name="com.class01.Task2" tests="2" failures="0" timestamp="2020-05-19T20:07:12 EDT" time="0.006" errors="0">
  <testcase name="test1" time="0.004" classname="com.class01.Task2"/>
  <system-out/>
  <testcase name="test2" time="0.002" classname="com.class01.Task2"/>
  <system-out/>
</testsuite> <!-- com.class01.Task2 -->
