<?xml version="1.0" encoding="UTF-8"?>
<!-- Generated by org.testng.reporters.JUnitReportReporter -->
<testsuite skipped="0" hostname="DESKTOP-VE66TCA" name="com.test.LoginTest" tests="3" failures="0" timestamp="2020-06-01T23:35:20 EDT" time="18.874" errors="0">
  <testcase name="invalidPasswordLogin" time="5.759" classname="com.test.LoginTest"/>
  <system-out/>
  <testcase name="validAdminLogin" time="8.038" classname="com.test.LoginTest"/>
  <system-out/>
  <testcase name="emptyUsernameLogin" time="5.077" classname="com.test.LoginTest"/>
  <system-out/>
</testsuite> <!-- com.test.LoginTest -->
