<?xml version="1.0" encoding="UTF-8"?>
<!-- Generated by org.testng.reporters.JUnitReportReporter -->
<testsuite skipped="0" hostname="DESKTOP-VE66TCA" name="com.class02.AssertionDemo" tests="2" failures="0" timestamp="2020-05-30T19:16:53 EDT" time="9.834" errors="0">
  <testcase name="logoValidation" time="4.934" classname="com.class02.AssertionDemo"/>
  <system-out/>
  <testcase name="titleValidation" time="4.900" classname="com.class02.AssertionDemo"/>
  <system-out/>
</testsuite> <!-- com.class02.AssertionDemo -->
