<?xml version="1.0" encoding="UTF-8"?>
<!-- Generated by org.testng.reporters.JUnitReportReporter -->
<testsuite skipped="0" hostname="DESKTOP-VE66TCA" name="com.class01.DifferentAnnotations" tests="1" failures="0" timestamp="2020-05-30T19:36:51 EDT" time="0.005" errors="0">
  <testcase name="test" time="0.005" classname="com.class01.DifferentAnnotations"/>
  <system-out/>
</testsuite> <!-- com.class01.DifferentAnnotations -->
