<?xml version="1.0" encoding="UTF-8"?>
<!-- Generated by org.testng.reporters.JUnitReportReporter -->
<testsuite skipped="0" hostname="DESKTOP-VE66TCA" name="com.class01.TitleLogoAndLoginTest" tests="3" failures="0" timestamp="2020-05-19T21:59:16 EDT" time="30.305" errors="0">
  <testcase name="validLogin" time="10.938" classname="com.class01.TitleLogoAndLoginTest"/>
  <system-out/>
  <testcase name="logoValidation" time="9.424" classname="com.class01.TitleLogoAndLoginTest"/>
  <system-out/>
  <testcase name="titleValidation" time="9.943" classname="com.class01.TitleLogoAndLoginTest"/>
  <system-out/>
</testsuite> <!-- com.class01.TitleLogoAndLoginTest -->
